<?xml version="1.0" encoding="UTF-8" standalone="yes" ?>
<test-results name="C:\Users\carol\OneDrive\Dokumenter\GitHub\ProjektApp\Win32\Debug\ProjectTest.exe" total="5" errors="0" failures="0" ignored="0" inconclusive="0" not-run="0" skipped="0" invalid="0" date="2026-06-26" time="0.493">
  <culture-info current-culture="en" current-uiculture="en" />
  <test-suite type="Assembly" name="ProjectTest.exe" executed="true" result="Success" success="True" time="0.493" asserts="0">
    <results>
        <test-suite type="Namespace" name="TestUnit" executed="true" result="Success" success="True" time="0.492" asserts="0" >
          <results>
              <test-suite type="Fixture" name="TestUnitTest" executed="True" result="Success" success="True" time="0.492" >
                <results>
                  <test-case name="NewYearsDayIsHoliday" executed="True" result="Success" success="True" time="0.001" asserts="0" />
                  <test-case name="NormalDayIsNotHoliday" executed="True" result="Success" success="True" time="0.000" asserts="0" />
                  <test-case name="Easter2025" executed="True" result="Success" success="True" time="0.000" asserts="0" />
                  <test-case name="FindGridCellReturnCorrectCell" executed="True" result="Success" success="True" time="0.408" asserts="0" />
                  <test-case name="CheckCreateEvent" executed="True" result="Success" success="True" time="0.079" asserts="0" />
                </results>
              </test-suite>
          </results>
        </test-suite>
    </results>
  </test-suite>
</test-results>
